INFO:__main__:Read config file
INFO:__main__:Create a telegram client
INFO:__main__:Run channel message grabber function
INFO:__main__:Read config file
INFO:__main__:Create a telegram client
INFO:__main__:Run channel message grabber function
INFO:__main__:Read config file
INFO:__main__:Create a telegram client
INFO:__main__:Run channel message grabber function
INFO:__main__:Read config file
INFO:__main__:Create a telegram client
INFO:__main__:Run channel message grabber function
INFO:__main__:Read config files
INFO:__main__:Create a telegram client
INFO:__main__:Run channel message grabber function
INFO:__main__:Saving data to database
INFO:__main__:Read config files
INFO:__main__:Create a telegram client
INFO:__main__:Run channel message grabber function
INFO:__main__:Saving data to database
INFO:__main__:Saving data to database
INFO:__main__:Saving data to database
INFO:__main__:Saving data to database
INFO:__main__:Saving data to database
INFO:__main__:Saving data to database
INFO:__main__:Saving data to database
INFO:__main__:Read config files
INFO:__main__:Create a telegram client
INFO:__main__:Run channel message grabber function
INFO:__main__:Saving data to database
INFO:__main__:Saving data to database
INFO:__main__:Read config files
INFO:__main__:Create a telegram client
INFO:__main__:Run channel message grabber function
INFO:__main__:Saving data to database
INFO:__main__:Saving data to database
INFO:__main__:Saving data to database
INFO:__main__:Saving data to database
INFO:__main__:Saving data to database
INFO:__main__:Saving data to database
INFO:__main__:Saving data to database
