12/14/2022 09:47:00 AM Read config file
12/14/2022 09:47:00 AM Create a telegram client
12/14/2022 09:47:00 AM Using selector: EpollSelector
12/14/2022 09:47:00 AM Connecting to 149.154.167.51:443/TcpFull...
12/14/2022 09:47:00 AM Connection attempt 1...
12/14/2022 09:47:00 AM Connection success!
12/14/2022 09:47:00 AM Starting send loop
12/14/2022 09:47:00 AM Starting receive loop
12/14/2022 09:47:00 AM Connection to 149.154.167.51:443/TcpFull complete!
12/14/2022 09:47:00 AM Waiting for messages to send...
12/14/2022 09:47:00 AM Assigned msg_id = 7176938541908745680 to InvokeWithLayerRequest (7fed20869f00)
12/14/2022 09:47:00 AM Encrypting 1 message(s) in 80 bytes for sending
12/14/2022 09:47:00 AM Encrypted messages put in a queue to be sent
12/14/2022 09:47:00 AM Waiting for messages to send...
12/14/2022 09:47:00 AM Receiving items from the network...
12/14/2022 09:47:00 AM Handling bad salt for message 7176938541908745680
12/14/2022 09:47:00 AM 1 message(s) will be resent
12/14/2022 09:47:00 AM Receiving items from the network...
12/14/2022 09:47:00 AM Assigned msg_id = 7176938542094674024 to InvokeWithLayerRequest (7fed20869f00)
12/14/2022 09:47:00 AM Encrypting 1 message(s) in 80 bytes for sending
12/14/2022 09:47:00 AM Encrypted messages put in a queue to be sent
12/14/2022 09:47:00 AM Waiting for messages to send...
12/14/2022 09:47:00 AM Assigned msg_id = 7176938542096403036 to MsgsAck (7fed21629150)
12/14/2022 09:47:00 AM Encrypting 1 message(s) in 36 bytes for sending
12/14/2022 09:47:00 AM Encrypted messages put in a queue to be sent
12/14/2022 09:47:00 AM Waiting for messages to send...
12/14/2022 09:47:00 AM Handling container
12/14/2022 09:47:00 AM Handling new session created
12/14/2022 09:47:00 AM Handling acknowledge for [7176938542094674024]
12/14/2022 09:47:00 AM Receiving items from the network...
12/14/2022 09:47:00 AM Handling RPC result for message 7176938542094674024
12/14/2022 09:47:00 AM Receiving items from the network...
12/14/2022 09:47:00 AM Assigned msg_id = 7176938542321124944 to GetUsersRequest (7fed2086a7d0)
12/14/2022 09:47:00 AM Encrypting 1 message(s) in 32 bytes for sending
12/14/2022 09:47:00 AM Encrypted messages put in a queue to be sent
12/14/2022 09:47:00 AM Waiting for messages to send...
12/14/2022 09:47:00 AM Assigned msg_id = 7176938542322683248 to MsgsAck (7fed2086abf0)
12/14/2022 09:47:00 AM Encrypting 1 message(s) in 60 bytes for sending
12/14/2022 09:47:00 AM Encrypted messages put in a queue to be sent
12/14/2022 09:47:00 AM Waiting for messages to send...
12/14/2022 09:47:00 AM Handling RPC result for message 7176938542321124944
12/14/2022 09:47:00 AM Receiving items from the network...
12/14/2022 09:47:00 AM Assigned msg_id = 7176938542562655364 to GetStateRequest (7fed2086a7d0)
12/14/2022 09:47:00 AM Encrypting 1 message(s) in 20 bytes for sending
12/14/2022 09:47:00 AM Encrypted messages put in a queue to be sent
12/14/2022 09:47:00 AM Waiting for messages to send...
12/14/2022 09:47:00 AM Assigned msg_id = 7176938542564285192 to MsgsAck (7fed2086a890)
12/14/2022 09:47:00 AM Encrypting 1 message(s) in 36 bytes for sending
12/14/2022 09:47:00 AM Encrypted messages put in a queue to be sent
12/14/2022 09:47:00 AM Waiting for messages to send...
12/14/2022 09:47:00 AM Handling RPC result for message 7176938542562655364
12/14/2022 09:47:00 AM Receiving items from the network...
12/14/2022 09:47:00 AM Assigned msg_id = 7176938542767993840 to GetUsersRequest (7fed2086ab00)
12/14/2022 09:47:00 AM Encrypting 1 message(s) in 32 bytes for sending
12/14/2022 09:47:00 AM Encrypted messages put in a queue to be sent
12/14/2022 09:47:00 AM Waiting for messages to send...
12/14/2022 09:47:00 AM Assigned msg_id = 7176938542769801056 to MsgsAck (7fed2086a950)
12/14/2022 09:47:00 AM Encrypting 1 message(s) in 36 bytes for sending
12/14/2022 09:47:00 AM Encrypted messages put in a queue to be sent
12/14/2022 09:47:00 AM Waiting for messages to send...
12/14/2022 09:47:00 AM Handling RPC result for message 7176938542767993840
12/14/2022 09:47:00 AM Receiving items from the network...
12/14/2022 09:47:00 AM Run channel message grabber function
12/14/2022 09:47:00 AM Assigned msg_id = 7176938542972776328 to GetUsersRequest (7fed2086afe0)
12/14/2022 09:47:00 AM Encrypting 1 message(s) in 32 bytes for sending
12/14/2022 09:47:00 AM Encrypted messages put in a queue to be sent
12/14/2022 09:47:00 AM Waiting for messages to send...
12/14/2022 09:47:00 AM Assigned msg_id = 7176938542973993216 to MsgsAck (7fed2086ae00)
12/14/2022 09:47:00 AM Encrypting 1 message(s) in 36 bytes for sending
12/14/2022 09:47:00 AM Encrypted messages put in a queue to be sent
12/14/2022 09:47:00 AM Waiting for messages to send...
12/14/2022 09:47:00 AM Handling RPC result for message 7176938542972776328
12/14/2022 09:47:00 AM Receiving items from the network...
12/14/2022 09:47:00 AM Assigned msg_id = 7176938543181965744 to ResolveUsernameRequest (7fed2086af20)
12/14/2022 09:47:00 AM Encrypting 1 message(s) in 32 bytes for sending
12/14/2022 09:47:00 AM Encrypted messages put in a queue to be sent
12/14/2022 09:47:00 AM Waiting for messages to send...
12/14/2022 09:47:00 AM Assigned msg_id = 7176938543183627044 to MsgsAck (7fed2086b160)
12/14/2022 09:47:00 AM Encrypting 1 message(s) in 36 bytes for sending
12/14/2022 09:47:00 AM Encrypted messages put in a queue to be sent
12/14/2022 09:47:00 AM Waiting for messages to send...
12/14/2022 09:47:00 AM Handling RPC result for message 7176938543181965744
12/14/2022 09:47:00 AM Receiving items from the network...
12/14/2022 09:47:00 AM Assigned msg_id = 7176938543407267484 to GetHistoryRequest (7fed2086af50)
12/14/2022 09:47:00 AM Encrypting 1 message(s) in 72 bytes for sending
12/14/2022 09:47:00 AM Encrypted messages put in a queue to be sent
12/14/2022 09:47:00 AM Waiting for messages to send...
12/14/2022 09:47:00 AM Assigned msg_id = 7176938543408896360 to MsgsAck (7fed2086a5f0)
12/14/2022 09:47:00 AM Encrypting 1 message(s) in 36 bytes for sending
12/14/2022 09:47:00 AM Encrypted messages put in a queue to be sent
12/14/2022 09:47:00 AM Waiting for messages to send...
12/14/2022 09:47:00 AM Handling RPC result for message 7176938543407267484
12/14/2022 09:47:00 AM Receiving items from the network...
12/14/2022 09:47:00 AM Assigned msg_id = 7176938545034494316 to GetHistoryRequest (7fed2086af50)
12/14/2022 09:47:00 AM Encrypting 1 message(s) in 72 bytes for sending
12/14/2022 09:47:00 AM Encrypted messages put in a queue to be sent
12/14/2022 09:47:00 AM Waiting for messages to send...
12/14/2022 09:47:00 AM Assigned msg_id = 7176938545037133132 to MsgsAck (7fed2086b220)
12/14/2022 09:47:00 AM Encrypting 1 message(s) in 36 bytes for sending
12/14/2022 09:47:00 AM Encrypted messages put in a queue to be sent
12/14/2022 09:47:00 AM Waiting for messages to send...
12/14/2022 09:47:01 AM Handling RPC result for message 7176938545034494316
12/14/2022 09:47:01 AM Receiving items from the network...
12/14/2022 09:47:01 AM Assigned msg_id = 7176938546653902568 to GetHistoryRequest (7fed208b0160)
12/14/2022 09:47:01 AM Encrypting 1 message(s) in 72 bytes for sending
12/14/2022 09:47:01 AM Encrypted messages put in a queue to be sent
12/14/2022 09:47:01 AM Waiting for messages to send...
12/14/2022 09:47:01 AM Assigned msg_id = 7176938546656041660 to MsgsAck (7fed208b0040)
12/14/2022 09:47:01 AM Encrypting 1 message(s) in 36 bytes for sending
12/14/2022 09:47:01 AM Encrypted messages put in a queue to be sent
12/14/2022 09:47:01 AM Waiting for messages to send...
12/14/2022 09:47:01 AM Handling RPC result for message 7176938546653902568
12/14/2022 09:47:01 AM Receiving items from the network...
12/14/2022 09:47:01 AM Assigned msg_id = 7176938547582768000 to GetHistoryRequest (7fed207581c0)
12/14/2022 09:47:01 AM Encrypting 1 message(s) in 72 bytes for sending
12/14/2022 09:47:01 AM Encrypted messages put in a queue to be sent
12/14/2022 09:47:01 AM Waiting for messages to send...
12/14/2022 09:47:01 AM Assigned msg_id = 7176938547584919488 to MsgsAck (7fed20758460)
12/14/2022 09:47:01 AM Encrypting 1 message(s) in 36 bytes for sending
12/14/2022 09:47:01 AM Encrypted messages put in a queue to be sent
12/14/2022 09:47:01 AM Waiting for messages to send...
12/14/2022 09:47:01 AM Handling RPC result for message 7176938547582768000
12/14/2022 09:47:01 AM Receiving items from the network...
12/14/2022 09:47:01 AM Assigned msg_id = 7176938548728340664 to GetHistoryRequest (7fed208b9b10)
12/14/2022 09:47:01 AM Encrypting 1 message(s) in 72 bytes for sending
12/14/2022 09:47:01 AM Encrypted messages put in a queue to be sent
12/14/2022 09:47:01 AM Waiting for messages to send...
12/14/2022 09:47:01 AM Assigned msg_id = 7176938548731234112 to MsgsAck (7fed208b9b40)
12/14/2022 09:47:01 AM Encrypting 1 message(s) in 36 bytes for sending
12/14/2022 09:47:01 AM Encrypted messages put in a queue to be sent
12/14/2022 09:47:01 AM Waiting for messages to send...
12/14/2022 09:47:02 AM Handling RPC result for message 7176938548728340664
12/14/2022 09:47:02 AM Receiving items from the network...
12/14/2022 09:47:02 AM Assigned msg_id = 7176938550167236488 to GetHistoryRequest (7fed2075e950)
12/14/2022 09:47:02 AM Encrypting 1 message(s) in 72 bytes for sending
12/14/2022 09:47:02 AM Encrypted messages put in a queue to be sent
12/14/2022 09:47:02 AM Waiting for messages to send...
12/14/2022 09:47:02 AM Assigned msg_id = 7176938550169559636 to MsgsAck (7fed2075ea10)
12/14/2022 09:47:02 AM Encrypting 1 message(s) in 36 bytes for sending
12/14/2022 09:47:02 AM Encrypted messages put in a queue to be sent
12/14/2022 09:47:02 AM Waiting for messages to send...
12/14/2022 09:47:02 AM Handling RPC result for message 7176938550167236488
12/14/2022 09:47:02 AM Receiving items from the network...
12/14/2022 09:47:02 AM Assigned msg_id = 7176938551392736592 to GetHistoryRequest (7fed208c8f10)
12/14/2022 09:47:02 AM Encrypting 1 message(s) in 72 bytes for sending
12/14/2022 09:47:02 AM Encrypted messages put in a queue to be sent
12/14/2022 09:47:02 AM Waiting for messages to send...
12/14/2022 09:47:02 AM Assigned msg_id = 7176938551394961516 to MsgsAck (7fed208c9330)
12/14/2022 09:47:02 AM Encrypting 1 message(s) in 36 bytes for sending
12/14/2022 09:47:02 AM Encrypted messages put in a queue to be sent
12/14/2022 09:47:02 AM Waiting for messages to send...
12/14/2022 09:47:02 AM Handling RPC result for message 7176938551392736592
12/14/2022 09:47:02 AM Receiving items from the network...
12/14/2022 09:47:02 AM Assigned msg_id = 7176938552458933036 to GetHistoryRequest (7fed207640d0)
12/14/2022 09:47:02 AM Encrypting 1 message(s) in 72 bytes for sending
12/14/2022 09:47:02 AM Encrypted messages put in a queue to be sent
12/14/2022 09:47:02 AM Waiting for messages to send...
12/14/2022 09:47:02 AM Assigned msg_id = 7176938552461014904 to MsgsAck (7fed20764040)
12/14/2022 09:47:02 AM Encrypting 1 message(s) in 36 bytes for sending
12/14/2022 09:47:02 AM Encrypted messages put in a queue to be sent
12/14/2022 09:47:02 AM Waiting for messages to send...
12/14/2022 09:47:02 AM Handling RPC result for message 7176938552458933036
12/14/2022 09:47:02 AM Receiving items from the network...
12/14/2022 09:47:02 AM Assigned msg_id = 7176938553583078544 to GetHistoryRequest (7fed208d3340)
12/14/2022 09:47:02 AM Encrypting 1 message(s) in 72 bytes for sending
12/14/2022 09:47:02 AM Encrypted messages put in a queue to be sent
12/14/2022 09:47:02 AM Waiting for messages to send...
12/14/2022 09:47:02 AM Assigned msg_id = 7176938553585194744 to MsgsAck (7fed208d0250)
12/14/2022 09:47:02 AM Encrypting 1 message(s) in 36 bytes for sending
12/14/2022 09:47:02 AM Encrypted messages put in a queue to be sent
12/14/2022 09:47:02 AM Waiting for messages to send...
12/14/2022 09:47:03 AM Handling RPC result for message 7176938553583078544
12/14/2022 09:47:03 AM Receiving items from the network...
12/14/2022 09:47:03 AM Assigned msg_id = 7176938555062289040 to GetHistoryRequest (7fed2077c250)
12/14/2022 09:47:03 AM Encrypting 1 message(s) in 72 bytes for sending
12/14/2022 09:47:03 AM Encrypted messages put in a queue to be sent
12/14/2022 09:47:03 AM Waiting for messages to send...
12/14/2022 09:47:03 AM Assigned msg_id = 7176938555064506332 to MsgsAck (7fed2077c2b0)
12/14/2022 09:47:03 AM Encrypting 1 message(s) in 36 bytes for sending
12/14/2022 09:47:03 AM Encrypted messages put in a queue to be sent
12/14/2022 09:47:03 AM Waiting for messages to send...
12/14/2022 09:47:03 AM Handling RPC result for message 7176938555062289040
12/14/2022 09:47:03 AM Receiving items from the network...
12/14/2022 09:47:03 AM Assigned msg_id = 7176938556584177772 to ResolveUsernameRequest (7fed207a41c0)
12/14/2022 09:47:03 AM Encrypting 1 message(s) in 32 bytes for sending
12/14/2022 09:47:03 AM Encrypted messages put in a queue to be sent
12/14/2022 09:47:03 AM Waiting for messages to send...
12/14/2022 09:47:03 AM Assigned msg_id = 7176938556586496156 to MsgsAck (7fed21629150)
12/14/2022 09:47:03 AM Encrypting 1 message(s) in 36 bytes for sending
12/14/2022 09:47:03 AM Encrypted messages put in a queue to be sent
12/14/2022 09:47:03 AM Waiting for messages to send...
12/14/2022 09:47:03 AM Handling update UpdateShort
12/14/2022 09:47:03 AM Receiving items from the network...
12/14/2022 09:47:03 AM Handling RPC result for message 7176938556584177772
12/14/2022 09:47:03 AM Receiving items from the network...
12/14/2022 09:47:03 AM Assigned msg_id = 7176938556825677676 to GetHistoryRequest (7fed207a7b20)
12/14/2022 09:47:03 AM Encrypting 1 message(s) in 72 bytes for sending
12/14/2022 09:47:03 AM Encrypted messages put in a queue to be sent
12/14/2022 09:47:03 AM Waiting for messages to send...
12/14/2022 09:47:03 AM Assigned msg_id = 7176938556827187340 to MsgsAck (7fed207a54e0)
12/14/2022 09:47:03 AM Encrypting 1 message(s) in 44 bytes for sending
12/14/2022 09:47:03 AM Encrypted messages put in a queue to be sent
12/14/2022 09:47:03 AM Waiting for messages to send...
12/14/2022 09:47:03 AM Handling RPC result for message 7176938556825677676
12/14/2022 09:47:03 AM Receiving items from the network...
12/14/2022 09:47:03 AM Assigned msg_id = 7176938557813961784 to GetHistoryRequest (7fed207a7b20)
12/14/2022 09:47:03 AM Encrypting 1 message(s) in 72 bytes for sending
12/14/2022 09:47:03 AM Encrypted messages put in a queue to be sent
12/14/2022 09:47:03 AM Waiting for messages to send...
12/14/2022 09:47:03 AM Assigned msg_id = 7176938557816042704 to MsgsAck (7fed207a5b40)
12/14/2022 09:47:03 AM Encrypting 1 message(s) in 36 bytes for sending
12/14/2022 09:47:03 AM Encrypted messages put in a queue to be sent
12/14/2022 09:47:03 AM Waiting for messages to send...
12/14/2022 09:47:04 AM Handling RPC result for message 7176938557813961784
12/14/2022 09:47:04 AM Receiving items from the network...
12/14/2022 09:47:04 AM Assigned msg_id = 7176938559367646620 to GetHistoryRequest (7fed2078e0b0)
12/14/2022 09:47:04 AM Encrypting 1 message(s) in 72 bytes for sending
12/14/2022 09:47:04 AM Encrypted messages put in a queue to be sent
12/14/2022 09:47:04 AM Waiting for messages to send...
12/14/2022 09:47:04 AM Assigned msg_id = 7176938559369886800 to MsgsAck (7fed2078c970)
12/14/2022 09:47:04 AM Encrypting 1 message(s) in 36 bytes for sending
12/14/2022 09:47:04 AM Handling update UpdateShort
12/14/2022 09:47:04 AM Receiving items from the network...
12/14/2022 09:47:04 AM Encrypted messages put in a queue to be sent
12/14/2022 09:47:04 AM Waiting for messages to send...
12/14/2022 09:47:04 AM Assigned msg_id = 7176938559372751636 to MsgsAck (7fed2078e500)
12/14/2022 09:47:04 AM Encrypting 1 message(s) in 36 bytes for sending
12/14/2022 09:47:04 AM Encrypted messages put in a queue to be sent
12/14/2022 09:47:04 AM Waiting for messages to send...
12/14/2022 09:47:04 AM Handling RPC result for message 7176938559367646620
12/14/2022 09:47:04 AM Receiving items from the network...
12/14/2022 09:47:04 AM Assigned msg_id = 7176938560530545636 to GetHistoryRequest (7fed208b3d60)
12/14/2022 09:47:04 AM Encrypting 1 message(s) in 72 bytes for sending
12/14/2022 09:47:04 AM Encrypted messages put in a queue to be sent
12/14/2022 09:47:04 AM Waiting for messages to send...
12/14/2022 09:47:04 AM Assigned msg_id = 7176938560532737180 to MsgsAck (7fed208b1c30)
12/14/2022 09:47:04 AM Encrypting 1 message(s) in 36 bytes for sending
12/14/2022 09:47:04 AM Encrypted messages put in a queue to be sent
12/14/2022 09:47:04 AM Waiting for messages to send...
12/14/2022 09:47:04 AM Handling RPC result for message 7176938560530545636
12/14/2022 09:47:04 AM Receiving items from the network...
12/14/2022 09:47:04 AM Assigned msg_id = 7176938561900645656 to GetHistoryRequest (7fed20772e90)
12/14/2022 09:47:04 AM Encrypting 1 message(s) in 72 bytes for sending
12/14/2022 09:47:04 AM Encrypted messages put in a queue to be sent
12/14/2022 09:47:04 AM Waiting for messages to send...
12/14/2022 09:47:04 AM Assigned msg_id = 7176938561902936384 to MsgsAck (7fed20770130)
12/14/2022 09:47:04 AM Encrypting 1 message(s) in 36 bytes for sending
12/14/2022 09:47:04 AM Encrypted messages put in a queue to be sent
12/14/2022 09:47:04 AM Waiting for messages to send...
12/14/2022 09:47:05 AM Handling RPC result for message 7176938561900645656
12/14/2022 09:47:05 AM Receiving items from the network...
12/14/2022 09:47:05 AM Assigned msg_id = 7176938564117630052 to GetHistoryRequest (7fed207643a0)
12/14/2022 09:47:05 AM Encrypting 1 message(s) in 72 bytes for sending
12/14/2022 09:47:05 AM Encrypted messages put in a queue to be sent
12/14/2022 09:47:05 AM Waiting for messages to send...
12/14/2022 09:47:05 AM Assigned msg_id = 7176938564120825812 to MsgsAck (7fed20764730)
12/14/2022 09:47:05 AM Encrypting 1 message(s) in 36 bytes for sending
12/14/2022 09:47:05 AM Encrypted messages put in a queue to be sent
12/14/2022 09:47:05 AM Waiting for messages to send...
12/14/2022 09:47:05 AM Handling RPC result for message 7176938564117630052
12/14/2022 09:47:05 AM Receiving items from the network...
12/14/2022 09:47:05 AM Assigned msg_id = 7176938565575927780 to GetHistoryRequest (7fed207a9150)
12/14/2022 09:47:05 AM Encrypting 1 message(s) in 72 bytes for sending
12/14/2022 09:47:05 AM Encrypted messages put in a queue to be sent
12/14/2022 09:47:05 AM Waiting for messages to send...
12/14/2022 09:47:05 AM Assigned msg_id = 7176938565578132676 to MsgsAck (7fed207aa830)
12/14/2022 09:47:05 AM Encrypting 1 message(s) in 36 bytes for sending
12/14/2022 09:47:05 AM Encrypted messages put in a queue to be sent
12/14/2022 09:47:05 AM Waiting for messages to send...
12/14/2022 09:47:05 AM Handling RPC result for message 7176938565575927780
12/14/2022 09:47:06 AM Receiving items from the network...
12/14/2022 09:47:06 AM Assigned msg_id = 7176938566987965272 to GetHistoryRequest (7fed2077f2e0)
12/14/2022 09:47:06 AM Encrypting 1 message(s) in 72 bytes for sending
12/14/2022 09:47:06 AM Encrypted messages put in a queue to be sent
12/14/2022 09:47:06 AM Waiting for messages to send...
12/14/2022 09:47:06 AM Assigned msg_id = 7176938566991180112 to MsgsAck (7fed2077eec0)
12/14/2022 09:47:06 AM Encrypting 1 message(s) in 36 bytes for sending
12/14/2022 09:47:06 AM Encrypted messages put in a queue to be sent
12/14/2022 09:47:06 AM Waiting for messages to send...
12/14/2022 09:47:06 AM Handling RPC result for message 7176938566987965272
12/14/2022 09:47:06 AM Receiving items from the network...
12/14/2022 09:47:06 AM Assigned msg_id = 7176938569024056124 to GetHistoryRequest (7fed20799450)
12/14/2022 09:47:06 AM Encrypting 1 message(s) in 72 bytes for sending
12/14/2022 09:47:06 AM Encrypted messages put in a queue to be sent
12/14/2022 09:47:06 AM Waiting for messages to send...
12/14/2022 09:47:06 AM Assigned msg_id = 7176938569026813196 to MsgsAck (7fed20798b20)
12/14/2022 09:47:06 AM Encrypting 1 message(s) in 36 bytes for sending
12/14/2022 09:47:06 AM Encrypted messages put in a queue to be sent
12/14/2022 09:47:06 AM Waiting for messages to send...
12/14/2022 09:47:06 AM Handling RPC result for message 7176938569024056124
12/14/2022 09:47:06 AM Receiving items from the network...
12/14/2022 09:47:06 AM Assigned msg_id = 7176938570832665132 to GetHistoryRequest (7fed2075eb00)
12/14/2022 09:47:06 AM Encrypting 1 message(s) in 72 bytes for sending
12/14/2022 09:47:06 AM Encrypted messages put in a queue to be sent
12/14/2022 09:47:06 AM Waiting for messages to send...
12/14/2022 09:47:06 AM Assigned msg_id = 7176938570835606264 to MsgsAck (7fed2075e2c0)
12/14/2022 09:47:06 AM Encrypting 1 message(s) in 36 bytes for sending
12/14/2022 09:47:06 AM Encrypted messages put in a queue to be sent
12/14/2022 09:47:06 AM Waiting for messages to send...
12/14/2022 09:47:07 AM Handling container
12/14/2022 09:47:07 AM Handling update UpdateShort
12/14/2022 09:47:07 AM Handling update UpdateShort
12/14/2022 09:47:07 AM Handling acknowledge for [7176938570832665132]
12/14/2022 09:47:07 AM Receiving items from the network...
12/14/2022 09:47:07 AM Handling RPC result for message 7176938570832665132
12/14/2022 09:47:07 AM Receiving items from the network...
12/14/2022 09:47:07 AM Assigned msg_id = 7176938573529462148 to GetHistoryRequest (7fed206e9720)
12/14/2022 09:47:07 AM Encrypting 1 message(s) in 72 bytes for sending
12/14/2022 09:47:07 AM Encrypted messages put in a queue to be sent
12/14/2022 09:47:07 AM Waiting for messages to send...
12/14/2022 09:47:07 AM Assigned msg_id = 7176938573532775212 to MsgsAck (7fed206e9e10)
12/14/2022 09:47:07 AM Encrypting 1 message(s) in 68 bytes for sending
12/14/2022 09:47:07 AM Encrypted messages put in a queue to be sent
12/14/2022 09:47:07 AM Waiting for messages to send...
12/14/2022 09:47:07 AM Handling container
12/14/2022 09:47:07 AM Handling gzipped data
12/14/2022 09:47:07 AM Handling update Updates
12/14/2022 09:47:07 AM Handling acknowledge for [7176938573529462148]
12/14/2022 09:47:07 AM Receiving items from the network...
12/14/2022 09:47:07 AM Handling RPC result for message 7176938573529462148
12/14/2022 09:47:08 AM Receiving items from the network...
12/14/2022 09:47:08 AM Assigned msg_id = 7176938575741040164 to ResolveUsernameRequest (7fed20733910)
12/14/2022 09:47:08 AM Encrypting 1 message(s) in 28 bytes for sending
12/14/2022 09:47:08 AM Encrypted messages put in a queue to be sent
12/14/2022 09:47:08 AM Waiting for messages to send...
12/14/2022 09:47:08 AM Assigned msg_id = 7176938575743738108 to MsgsAck (7fed20730100)
12/14/2022 09:47:08 AM Encrypting 1 message(s) in 60 bytes for sending
12/14/2022 09:47:08 AM Encrypted messages put in a queue to be sent
12/14/2022 09:47:08 AM Waiting for messages to send...
12/14/2022 09:47:08 AM Handling RPC result for message 7176938575741040164
12/14/2022 09:47:08 AM Receiving items from the network...
12/14/2022 09:47:08 AM Assigned msg_id = 7176938576020197800 to GetHistoryRequest (7fed20731c00)
12/14/2022 09:47:08 AM Encrypting 1 message(s) in 72 bytes for sending
12/14/2022 09:47:08 AM Encrypted messages put in a queue to be sent
12/14/2022 09:47:08 AM Waiting for messages to send...
12/14/2022 09:47:08 AM Assigned msg_id = 7176938576022123268 to MsgsAck (7fed207301c0)
12/14/2022 09:47:08 AM Encrypting 1 message(s) in 36 bytes for sending
12/14/2022 09:47:08 AM Encrypted messages put in a queue to be sent
12/14/2022 09:47:08 AM Waiting for messages to send...
12/14/2022 09:47:08 AM Handling RPC result for message 7176938576020197800
12/14/2022 09:47:08 AM Receiving items from the network...
12/14/2022 09:47:08 AM Assigned msg_id = 7176938576419757776 to GetHistoryRequest (7fed20731c00)
12/14/2022 09:47:08 AM Encrypting 1 message(s) in 72 bytes for sending
12/14/2022 09:47:08 AM Encrypted messages put in a queue to be sent
12/14/2022 09:47:08 AM Waiting for messages to send...
12/14/2022 09:47:08 AM Assigned msg_id = 7176938576422048500 to MsgsAck (7fed20730b20)
12/14/2022 09:47:08 AM Encrypting 1 message(s) in 36 bytes for sending
12/14/2022 09:47:08 AM Encrypted messages put in a queue to be sent
12/14/2022 09:47:08 AM Waiting for messages to send...
12/14/2022 09:47:08 AM Handling RPC result for message 7176938576419757776
12/14/2022 09:47:08 AM Receiving items from the network...
12/14/2022 09:47:08 AM Assigned msg_id = 7176938576947576456 to GetHistoryRequest (7fed20759990)
12/14/2022 09:47:08 AM Encrypting 1 message(s) in 72 bytes for sending
12/14/2022 09:47:08 AM Encrypted messages put in a queue to be sent
12/14/2022 09:47:08 AM Waiting for messages to send...
12/14/2022 09:47:08 AM Assigned msg_id = 7176938576949916772 to MsgsAck (7fed20758040)
12/14/2022 09:47:08 AM Encrypting 1 message(s) in 36 bytes for sending
12/14/2022 09:47:08 AM Encrypted messages put in a queue to be sent
12/14/2022 09:47:08 AM Waiting for messages to send...
12/14/2022 09:47:08 AM Handling RPC result for message 7176938576947576456
12/14/2022 09:47:08 AM Receiving items from the network...
12/14/2022 09:47:08 AM Assigned msg_id = 7176938577568424156 to GetHistoryRequest (7fed20764970)
12/14/2022 09:47:08 AM Encrypting 1 message(s) in 72 bytes for sending
12/14/2022 09:47:08 AM Encrypted messages put in a queue to be sent
12/14/2022 09:47:08 AM Waiting for messages to send...
12/14/2022 09:47:08 AM Assigned msg_id = 7176938577570180828 to MsgsAck (7fed20764b20)
12/14/2022 09:47:08 AM Encrypting 1 message(s) in 36 bytes for sending
12/14/2022 09:47:08 AM Encrypted messages put in a queue to be sent
12/14/2022 09:47:08 AM Waiting for messages to send...
12/14/2022 09:47:08 AM Handling RPC result for message 7176938577568424156
12/14/2022 09:47:08 AM Receiving items from the network...
12/14/2022 09:47:08 AM Assigned msg_id = 7176938577983379296 to GetHistoryRequest (7fed206fa650)
12/14/2022 09:47:08 AM Encrypting 1 message(s) in 72 bytes for sending
12/14/2022 09:47:08 AM Encrypted messages put in a queue to be sent
12/14/2022 09:47:08 AM Waiting for messages to send...
12/14/2022 09:47:08 AM Assigned msg_id = 7176938577985228472 to MsgsAck (7fed206f84f0)
12/14/2022 09:47:08 AM Encrypting 1 message(s) in 36 bytes for sending
12/14/2022 09:47:08 AM Encrypted messages put in a queue to be sent
12/14/2022 09:47:08 AM Waiting for messages to send...
12/14/2022 09:47:08 AM Handling RPC result for message 7176938577983379296
12/14/2022 09:47:08 AM Receiving items from the network...
12/14/2022 09:47:08 AM Assigned msg_id = 7176938578394216472 to GetHistoryRequest (7fed20739630)
12/14/2022 09:47:08 AM Encrypting 1 message(s) in 72 bytes for sending
12/14/2022 09:47:08 AM Encrypted messages put in a queue to be sent
12/14/2022 09:47:08 AM Waiting for messages to send...
12/14/2022 09:47:08 AM Assigned msg_id = 7176938578396451884 to MsgsAck (7fed20738a30)
12/14/2022 09:47:08 AM Encrypting 1 message(s) in 36 bytes for sending
12/14/2022 09:47:08 AM Encrypted messages put in a queue to be sent
12/14/2022 09:47:08 AM Waiting for messages to send...
12/14/2022 09:47:08 AM Handling RPC result for message 7176938578394216472
12/14/2022 09:47:08 AM Receiving items from the network...
12/14/2022 09:47:08 AM Assigned msg_id = 7176938578813230448 to GetHistoryRequest (7fed20730400)
12/14/2022 09:47:08 AM Encrypting 1 message(s) in 72 bytes for sending
12/14/2022 09:47:08 AM Encrypted messages put in a queue to be sent
12/14/2022 09:47:08 AM Waiting for messages to send...
12/14/2022 09:47:08 AM Assigned msg_id = 7176938578815488748 to MsgsAck (7fed207333a0)
12/14/2022 09:47:08 AM Encrypting 1 message(s) in 36 bytes for sending
12/14/2022 09:47:08 AM Encrypted messages put in a queue to be sent
12/14/2022 09:47:08 AM Waiting for messages to send...
12/14/2022 09:47:08 AM Handling RPC result for message 7176938578813230448
12/14/2022 09:47:08 AM Receiving items from the network...
12/14/2022 09:47:08 AM Assigned msg_id = 7176938579201979572 to GetHistoryRequest (7fed206dbfa0)
12/14/2022 09:47:08 AM Encrypting 1 message(s) in 72 bytes for sending
12/14/2022 09:47:08 AM Encrypted messages put in a queue to be sent
12/14/2022 09:47:08 AM Waiting for messages to send...
12/14/2022 09:47:08 AM Assigned msg_id = 7176938579204108172 to MsgsAck (7fed206d9b10)
12/14/2022 09:47:08 AM Encrypting 1 message(s) in 36 bytes for sending
12/14/2022 09:47:08 AM Encrypted messages put in a queue to be sent
12/14/2022 09:47:08 AM Waiting for messages to send...
12/14/2022 09:47:09 AM Handling RPC result for message 7176938579201979572
12/14/2022 09:47:09 AM Receiving items from the network...
12/14/2022 09:47:09 AM Assigned msg_id = 7176938580041479644 to GetHistoryRequest (7fed20767cd0)
12/14/2022 09:47:09 AM Encrypting 1 message(s) in 72 bytes for sending
12/14/2022 09:47:09 AM Encrypted messages put in a queue to be sent
12/14/2022 09:47:09 AM Waiting for messages to send...
12/14/2022 09:47:09 AM Assigned msg_id = 7176938580044814640 to MsgsAck (7fed207641f0)
12/14/2022 09:47:09 AM Encrypting 1 message(s) in 36 bytes for sending
12/14/2022 09:47:09 AM Encrypted messages put in a queue to be sent
12/14/2022 09:47:09 AM Waiting for messages to send...
12/14/2022 09:47:09 AM Handling RPC result for message 7176938580041479644
12/14/2022 09:47:09 AM Receiving items from the network...
12/14/2022 09:47:09 AM Assigned msg_id = 7176938580534884984 to GetHistoryRequest (7fed207388b0)
12/14/2022 09:47:09 AM Encrypting 1 message(s) in 72 bytes for sending
12/14/2022 09:47:09 AM Encrypted messages put in a queue to be sent
12/14/2022 09:47:09 AM Waiting for messages to send...
12/14/2022 09:47:09 AM Assigned msg_id = 7176938580537380748 to MsgsAck (7fed2073aa10)
12/14/2022 09:47:09 AM Encrypting 1 message(s) in 36 bytes for sending
12/14/2022 09:47:09 AM Encrypted messages put in a queue to be sent
12/14/2022 09:47:09 AM Waiting for messages to send...
12/14/2022 09:47:09 AM Handling RPC result for message 7176938580534884984
12/14/2022 09:47:09 AM Receiving items from the network...
12/14/2022 09:47:09 AM Assigned msg_id = 7176938581382291372 to ResolveUsernameRequest (7fed20717ee0)
12/14/2022 09:47:09 AM Encrypting 1 message(s) in 28 bytes for sending
12/14/2022 09:47:09 AM Encrypted messages put in a queue to be sent
12/14/2022 09:47:09 AM Waiting for messages to send...
12/14/2022 09:47:09 AM Assigned msg_id = 7176938581385108524 to MsgsAck (7fed20717910)
12/14/2022 09:47:09 AM Encrypting 1 message(s) in 36 bytes for sending
12/14/2022 09:47:09 AM Encrypted messages put in a queue to be sent
12/14/2022 09:47:09 AM Waiting for messages to send...
12/14/2022 09:47:09 AM Handling RPC result for message 7176938581382291372
12/14/2022 09:47:09 AM Receiving items from the network...
12/14/2022 09:47:09 AM Assigned msg_id = 7176938581658452564 to GetHistoryRequest (7fed207159c0)
12/14/2022 09:47:09 AM Encrypting 1 message(s) in 72 bytes for sending
12/14/2022 09:47:09 AM Encrypted messages put in a queue to be sent
12/14/2022 09:47:09 AM Waiting for messages to send...
12/14/2022 09:47:09 AM Assigned msg_id = 7176938581660839612 to MsgsAck (7fed20717880)
12/14/2022 09:47:09 AM Encrypting 1 message(s) in 36 bytes for sending
12/14/2022 09:47:09 AM Encrypted messages put in a queue to be sent
12/14/2022 09:47:09 AM Waiting for messages to send...
12/14/2022 09:47:09 AM Handling RPC result for message 7176938581658452564
12/14/2022 09:47:09 AM Receiving items from the network...
12/14/2022 09:47:09 AM Assigned msg_id = 7176938582494853552 to GetHistoryRequest (7fed207159c0)
12/14/2022 09:47:09 AM Encrypting 1 message(s) in 72 bytes for sending
12/14/2022 09:47:09 AM Encrypted messages put in a queue to be sent
12/14/2022 09:47:09 AM Waiting for messages to send...
12/14/2022 09:47:09 AM Assigned msg_id = 7176938582497203404 to MsgsAck (7fed20714f10)
12/14/2022 09:47:09 AM Encrypting 1 message(s) in 36 bytes for sending
12/14/2022 09:47:09 AM Encrypted messages put in a queue to be sent
12/14/2022 09:47:09 AM Waiting for messages to send...
12/14/2022 09:47:09 AM Handling RPC result for message 7176938582494853552
12/14/2022 09:47:09 AM Receiving items from the network...
12/14/2022 09:47:09 AM Assigned msg_id = 7176938583141423756 to GetHistoryRequest (7fed206f8a00)
12/14/2022 09:47:09 AM Encrypting 1 message(s) in 72 bytes for sending
12/14/2022 09:47:09 AM Encrypted messages put in a queue to be sent
12/14/2022 09:47:09 AM Waiting for messages to send...
12/14/2022 09:47:09 AM Assigned msg_id = 7176938583143528516 to MsgsAck (7fed206fbc70)
12/14/2022 09:47:09 AM Encrypting 1 message(s) in 36 bytes for sending
12/14/2022 09:47:09 AM Encrypted messages put in a queue to be sent
12/14/2022 09:47:09 AM Waiting for messages to send...
12/14/2022 09:47:10 AM Handling RPC result for message 7176938583141423756
12/14/2022 09:47:10 AM Receiving items from the network...
12/14/2022 09:47:10 AM Assigned msg_id = 7176938584227579292 to GetHistoryRequest (7fed20773fd0)
12/14/2022 09:47:10 AM Encrypting 1 message(s) in 72 bytes for sending
12/14/2022 09:47:10 AM Encrypted messages put in a queue to be sent
12/14/2022 09:47:10 AM Waiting for messages to send...
12/14/2022 09:47:10 AM Assigned msg_id = 7176938584229745088 to MsgsAck (7fed20771120)
12/14/2022 09:47:10 AM Encrypting 1 message(s) in 36 bytes for sending
12/14/2022 09:47:10 AM Encrypted messages put in a queue to be sent
12/14/2022 09:47:10 AM Waiting for messages to send...
12/14/2022 09:47:10 AM Handling RPC result for message 7176938584227579292
12/14/2022 09:47:10 AM Receiving items from the network...
12/14/2022 09:47:10 AM Assigned msg_id = 7176938585153880296 to GetHistoryRequest (7fed20731660)
12/14/2022 09:47:10 AM Encrypting 1 message(s) in 72 bytes for sending
12/14/2022 09:47:10 AM Encrypted messages put in a queue to be sent
12/14/2022 09:47:10 AM Waiting for messages to send...
12/14/2022 09:47:10 AM Assigned msg_id = 7176938585155881104 to MsgsAck (7fed20730610)
12/14/2022 09:47:10 AM Encrypting 1 message(s) in 36 bytes for sending
12/14/2022 09:47:10 AM Encrypted messages put in a queue to be sent
12/14/2022 09:47:10 AM Waiting for messages to send...
12/14/2022 09:47:10 AM Handling RPC result for message 7176938585153880296
12/14/2022 09:47:10 AM Receiving items from the network...
12/14/2022 09:47:10 AM Assigned msg_id = 7176938585974607644 to GetHistoryRequest (7fed2068bf40)
12/14/2022 09:47:10 AM Encrypting 1 message(s) in 72 bytes for sending
12/14/2022 09:47:10 AM Encrypted messages put in a queue to be sent
12/14/2022 09:47:10 AM Waiting for messages to send...
12/14/2022 09:47:10 AM Assigned msg_id = 7176938585976523576 to MsgsAck (7fed2068ac50)
12/14/2022 09:47:10 AM Encrypting 1 message(s) in 36 bytes for sending
12/14/2022 09:47:10 AM Encrypted messages put in a queue to be sent
12/14/2022 09:47:10 AM Waiting for messages to send...
12/14/2022 09:47:10 AM Handling RPC result for message 7176938585974607644
12/14/2022 09:47:10 AM Receiving items from the network...
12/14/2022 09:47:10 AM Assigned msg_id = 7176938586809420760 to GetHistoryRequest (7fed206d8ca0)
12/14/2022 09:47:10 AM Encrypting 1 message(s) in 72 bytes for sending
12/14/2022 09:47:10 AM Encrypted messages put in a queue to be sent
12/14/2022 09:47:10 AM Waiting for messages to send...
12/14/2022 09:47:10 AM Assigned msg_id = 7176938586811443504 to MsgsAck (7fed206d8970)
12/14/2022 09:47:10 AM Encrypting 1 message(s) in 36 bytes for sending
12/14/2022 09:47:10 AM Encrypted messages put in a queue to be sent
12/14/2022 09:47:10 AM Waiting for messages to send...
12/14/2022 09:47:10 AM Handling RPC result for message 7176938586809420760
12/14/2022 09:47:10 AM Receiving items from the network...
12/14/2022 09:47:10 AM Assigned msg_id = 7176938587473258196 to GetHistoryRequest (7fed2078df00)
12/14/2022 09:47:10 AM Encrypting 1 message(s) in 72 bytes for sending
12/14/2022 09:47:10 AM Encrypted messages put in a queue to be sent
12/14/2022 09:47:10 AM Waiting for messages to send...
12/14/2022 09:47:10 AM Assigned msg_id = 7176938587475268540 to MsgsAck (7fed2078fdf0)
12/14/2022 09:47:10 AM Encrypting 1 message(s) in 36 bytes for sending
12/14/2022 09:47:10 AM Encrypted messages put in a queue to be sent
12/14/2022 09:47:10 AM Waiting for messages to send...
12/14/2022 09:47:11 AM Handling RPC result for message 7176938587473258196
12/14/2022 09:47:11 AM Receiving items from the network...
12/14/2022 09:47:11 AM Assigned msg_id = 7176938588766893208 to GetHistoryRequest (7fed206e0160)
12/14/2022 09:47:11 AM Encrypting 1 message(s) in 72 bytes for sending
12/14/2022 09:47:11 AM Encrypted messages put in a queue to be sent
12/14/2022 09:47:11 AM Waiting for messages to send...
12/14/2022 09:47:11 AM Assigned msg_id = 7176938588769413768 to MsgsAck (7fed206e3100)
12/14/2022 09:47:11 AM Encrypting 1 message(s) in 36 bytes for sending
12/14/2022 09:47:11 AM Encrypted messages put in a queue to be sent
12/14/2022 09:47:11 AM Waiting for messages to send...
12/14/2022 09:47:11 AM Handling RPC result for message 7176938588766893208
12/14/2022 09:47:11 AM Receiving items from the network...
12/14/2022 09:47:11 AM Assigned msg_id = 7176938589481189548 to GetHistoryRequest (7fed208bb8e0)
12/14/2022 09:47:11 AM Encrypting 1 message(s) in 72 bytes for sending
12/14/2022 09:47:11 AM Encrypted messages put in a queue to be sent
12/14/2022 09:47:11 AM Waiting for messages to send...
12/14/2022 09:47:11 AM Assigned msg_id = 7176938589483519376 to MsgsAck (7fed208ba830)
12/14/2022 09:47:11 AM Encrypting 1 message(s) in 36 bytes for sending
12/14/2022 09:47:11 AM Encrypted messages put in a queue to be sent
12/14/2022 09:47:11 AM Waiting for messages to send...
12/14/2022 09:47:11 AM Handling RPC result for message 7176938589481189548
12/14/2022 09:47:11 AM Receiving items from the network...
12/14/2022 09:47:11 AM Assigned msg_id = 7176938590212004484 to ResolveUsernameRequest (7fed2086a350)
12/14/2022 09:47:11 AM Encrypting 1 message(s) in 36 bytes for sending
12/14/2022 09:47:11 AM Encrypted messages put in a queue to be sent
12/14/2022 09:47:11 AM Waiting for messages to send...
12/14/2022 09:47:11 AM Assigned msg_id = 7176938590214260876 to MsgsAck (7fed21629150)
12/14/2022 09:47:11 AM Encrypting 1 message(s) in 36 bytes for sending
12/14/2022 09:47:11 AM Encrypted messages put in a queue to be sent
12/14/2022 09:47:11 AM Waiting for messages to send...
12/14/2022 09:47:11 AM Handling RPC result for message 7176938590212004484
12/14/2022 09:47:11 AM Receiving items from the network...
12/14/2022 09:47:11 AM Assigned msg_id = 7176938590437089740 to GetHistoryRequest (7fed2086afe0)
12/14/2022 09:47:11 AM Encrypting 1 message(s) in 72 bytes for sending
12/14/2022 09:47:11 AM Encrypted messages put in a queue to be sent
12/14/2022 09:47:11 AM Waiting for messages to send...
12/14/2022 09:47:11 AM Assigned msg_id = 7176938590439454852 to MsgsAck (7fed2086b640)
12/14/2022 09:47:11 AM Encrypting 1 message(s) in 36 bytes for sending
12/14/2022 09:47:11 AM Encrypted messages put in a queue to be sent
12/14/2022 09:47:11 AM Waiting for messages to send...
12/14/2022 09:47:11 AM Handling RPC result for message 7176938590437089740
12/14/2022 09:47:11 AM Receiving items from the network...
12/14/2022 09:47:11 AM Assigned msg_id = 7176938591105335056 to GetHistoryRequest (7fed2086afe0)
12/14/2022 09:47:11 AM Encrypting 1 message(s) in 72 bytes for sending
12/14/2022 09:47:11 AM Encrypted messages put in a queue to be sent
12/14/2022 09:47:11 AM Waiting for messages to send...
12/14/2022 09:47:11 AM Assigned msg_id = 7176938591107378780 to MsgsAck (7fed2086b4f0)
12/14/2022 09:47:11 AM Encrypting 1 message(s) in 36 bytes for sending
12/14/2022 09:47:11 AM Encrypted messages put in a queue to be sent
12/14/2022 09:47:11 AM Waiting for messages to send...
12/14/2022 09:47:11 AM Handling RPC result for message 7176938591105335056
12/14/2022 09:47:11 AM Receiving items from the network...
12/14/2022 09:47:11 AM Assigned msg_id = 7176938592142617048 to GetHistoryRequest (7fed207a6950)
12/14/2022 09:47:11 AM Encrypting 1 message(s) in 72 bytes for sending
12/14/2022 09:47:11 AM Encrypted messages put in a queue to be sent
12/14/2022 09:47:11 AM Waiting for messages to send...
12/14/2022 09:47:11 AM Assigned msg_id = 7176938592144537748 to MsgsAck (7fed207a6500)
12/14/2022 09:47:11 AM Encrypting 1 message(s) in 36 bytes for sending
12/14/2022 09:47:11 AM Encrypted messages put in a queue to be sent
12/14/2022 09:47:11 AM Waiting for messages to send...
12/14/2022 09:47:12 AM Handling RPC result for message 7176938592142617048
12/14/2022 09:47:12 AM Receiving items from the network...
12/14/2022 09:47:12 AM Assigned msg_id = 7176938593499197424 to GetHistoryRequest (7fed207081c0)
12/14/2022 09:47:12 AM Encrypting 1 message(s) in 72 bytes for sending
12/14/2022 09:47:12 AM Encrypted messages put in a queue to be sent
12/14/2022 09:47:12 AM Waiting for messages to send...
12/14/2022 09:47:12 AM Assigned msg_id = 7176938593501223984 to MsgsAck (7fed20709d20)
12/14/2022 09:47:12 AM Encrypting 1 message(s) in 36 bytes for sending
12/14/2022 09:47:12 AM Encrypted messages put in a queue to be sent
12/14/2022 09:47:12 AM Waiting for messages to send...
12/14/2022 09:47:12 AM Handling RPC result for message 7176938593499197424
12/14/2022 09:47:12 AM Receiving items from the network...
12/14/2022 09:47:12 AM Handling update Updates
12/14/2022 09:47:12 AM Receiving items from the network...
12/14/2022 09:47:12 AM Assigned msg_id = 7176938594244410932 to GetHistoryRequest (7fed208b3c40)
12/14/2022 09:47:12 AM Encrypting 1 message(s) in 72 bytes for sending
12/14/2022 09:47:12 AM Encrypted messages put in a queue to be sent
12/14/2022 09:47:12 AM Waiting for messages to send...
12/14/2022 09:47:12 AM Assigned msg_id = 7176938594245690764 to MsgsAck (7fed208b3d30)
12/14/2022 09:47:12 AM Encrypting 1 message(s) in 44 bytes for sending
12/14/2022 09:47:12 AM Encrypted messages put in a queue to be sent
12/14/2022 09:47:12 AM Waiting for messages to send...
12/14/2022 09:47:12 AM Handling RPC result for message 7176938594244410932
12/14/2022 09:47:12 AM Receiving items from the network...
12/14/2022 09:47:12 AM Assigned msg_id = 7176938595235008660 to GetHistoryRequest (7fed206fbd30)
12/14/2022 09:47:12 AM Encrypting 1 message(s) in 72 bytes for sending
12/14/2022 09:47:12 AM Encrypted messages put in a queue to be sent
12/14/2022 09:47:12 AM Waiting for messages to send...
12/14/2022 09:47:12 AM Assigned msg_id = 7176938595237870636 to MsgsAck (7fed206fa5c0)
12/14/2022 09:47:12 AM Encrypting 1 message(s) in 36 bytes for sending
12/14/2022 09:47:12 AM Encrypted messages put in a queue to be sent
12/14/2022 09:47:12 AM Waiting for messages to send...
12/14/2022 09:47:12 AM Handling RPC result for message 7176938595235008660
12/14/2022 09:47:12 AM Receiving items from the network...
12/14/2022 09:47:12 AM Assigned msg_id = 7176938596049070776 to GetHistoryRequest (7fed206898a0)
12/14/2022 09:47:12 AM Encrypting 1 message(s) in 72 bytes for sending
12/14/2022 09:47:12 AM Encrypted messages put in a queue to be sent
12/14/2022 09:47:12 AM Waiting for messages to send...
12/14/2022 09:47:12 AM Assigned msg_id = 7176938596051136436 to MsgsAck (7fed2068ac50)
12/14/2022 09:47:12 AM Encrypting 1 message(s) in 36 bytes for sending
12/14/2022 09:47:12 AM Encrypted messages put in a queue to be sent
12/14/2022 09:47:12 AM Waiting for messages to send...
12/14/2022 09:47:13 AM Handling RPC result for message 7176938596049070776
12/14/2022 09:47:13 AM Receiving items from the network...
12/14/2022 09:47:13 AM Assigned msg_id = 7176938597526436868 to GetHistoryRequest (7fed20759180)
12/14/2022 09:47:13 AM Encrypting 1 message(s) in 72 bytes for sending
12/14/2022 09:47:13 AM Encrypted messages put in a queue to be sent
12/14/2022 09:47:13 AM Waiting for messages to send...
12/14/2022 09:47:13 AM Assigned msg_id = 7176938597528968876 to MsgsAck (7fed2075bb50)
12/14/2022 09:47:13 AM Encrypting 1 message(s) in 36 bytes for sending
12/14/2022 09:47:13 AM Encrypted messages put in a queue to be sent
12/14/2022 09:47:13 AM Waiting for messages to send...
12/14/2022 09:47:13 AM Handling RPC result for message 7176938597526436868
12/14/2022 09:47:13 AM Receiving items from the network...
12/14/2022 09:47:13 AM Assigned msg_id = 7176938598465261524 to GetHistoryRequest (7fed207a9990)
12/14/2022 09:47:13 AM Encrypting 1 message(s) in 72 bytes for sending
12/14/2022 09:47:13 AM Encrypted messages put in a queue to be sent
12/14/2022 09:47:13 AM Waiting for messages to send...
12/14/2022 09:47:13 AM Assigned msg_id = 7176938598467925136 to MsgsAck (7fed207aa350)
12/14/2022 09:47:13 AM Encrypting 1 message(s) in 36 bytes for sending
12/14/2022 09:47:13 AM Encrypted messages put in a queue to be sent
12/14/2022 09:47:13 AM Waiting for messages to send...
12/14/2022 09:47:13 AM Handling RPC result for message 7176938598465261524
12/14/2022 09:47:13 AM Receiving items from the network...
12/14/2022 09:47:13 AM Assigned msg_id = 7176938599276329104 to GetHistoryRequest (7fed206db430)
12/14/2022 09:47:13 AM Encrypting 1 message(s) in 72 bytes for sending
12/14/2022 09:47:13 AM Encrypted messages put in a queue to be sent
12/14/2022 09:47:13 AM Waiting for messages to send...
12/14/2022 09:47:13 AM Assigned msg_id = 7176938599278377596 to MsgsAck (7fed206daec0)
12/14/2022 09:47:13 AM Encrypting 1 message(s) in 36 bytes for sending
12/14/2022 09:47:13 AM Encrypted messages put in a queue to be sent
12/14/2022 09:47:13 AM Waiting for messages to send...
12/14/2022 09:47:13 AM Handling RPC result for message 7176938599276329104
12/14/2022 09:47:13 AM Receiving items from the network...
12/14/2022 09:47:13 AM Assigned msg_id = 7176938600209071224 to ResolveUsernameRequest (7fed20766380)
12/14/2022 09:47:13 AM Encrypting 1 message(s) in 32 bytes for sending
12/14/2022 09:47:13 AM Encrypted messages put in a queue to be sent
12/14/2022 09:47:13 AM Waiting for messages to send...
12/14/2022 09:47:13 AM Assigned msg_id = 7176938600211568896 to MsgsAck (7fed207679a0)
12/14/2022 09:47:13 AM Encrypting 1 message(s) in 36 bytes for sending
12/14/2022 09:47:13 AM Encrypted messages put in a queue to be sent
12/14/2022 09:47:13 AM Waiting for messages to send...
12/14/2022 09:47:13 AM Handling RPC result for message 7176938600209071224
12/14/2022 09:47:13 AM Receiving items from the network...
12/14/2022 09:47:13 AM Assigned msg_id = 7176938600428216044 to GetHistoryRequest (7fed20766b60)
12/14/2022 09:47:13 AM Encrypting 1 message(s) in 72 bytes for sending
12/14/2022 09:47:13 AM Encrypted messages put in a queue to be sent
12/14/2022 09:47:13 AM Waiting for messages to send...
12/14/2022 09:47:13 AM Assigned msg_id = 7176938600429723804 to MsgsAck (7fed20767c70)
12/14/2022 09:47:13 AM Encrypting 1 message(s) in 36 bytes for sending
12/14/2022 09:47:13 AM Encrypted messages put in a queue to be sent
12/14/2022 09:47:13 AM Waiting for messages to send...
12/14/2022 09:47:14 AM Handling RPC result for message 7176938600428216044
12/14/2022 09:47:14 AM Receiving items from the network...
12/14/2022 09:47:14 AM Assigned msg_id = 7176938601919609732 to GetHistoryRequest (7fed20766b60)
12/14/2022 09:47:14 AM Encrypting 1 message(s) in 72 bytes for sending
12/14/2022 09:47:14 AM Encrypted messages put in a queue to be sent
12/14/2022 09:47:14 AM Waiting for messages to send...
12/14/2022 09:47:14 AM Assigned msg_id = 7176938601921592420 to MsgsAck (7fed20764b50)
12/14/2022 09:47:14 AM Encrypting 1 message(s) in 36 bytes for sending
12/14/2022 09:47:14 AM Encrypted messages put in a queue to be sent
12/14/2022 09:47:14 AM Waiting for messages to send...
12/14/2022 09:47:14 AM Handling RPC result for message 7176938601919609732
12/14/2022 09:47:14 AM Receiving items from the network...
12/14/2022 09:47:14 AM Assigned msg_id = 7176938603101080604 to GetHistoryRequest (7fed203deef0)
12/14/2022 09:47:14 AM Encrypting 1 message(s) in 72 bytes for sending
12/14/2022 09:47:14 AM Encrypted messages put in a queue to be sent
12/14/2022 09:47:14 AM Waiting for messages to send...
12/14/2022 09:47:14 AM Assigned msg_id = 7176938603103287404 to MsgsAck (7fed203df970)
12/14/2022 09:47:14 AM Encrypting 1 message(s) in 36 bytes for sending
12/14/2022 09:47:14 AM Encrypted messages put in a queue to be sent
12/14/2022 09:47:14 AM Waiting for messages to send...
12/14/2022 09:47:14 AM Handling RPC result for message 7176938603101080604
12/14/2022 09:47:14 AM Receiving items from the network...
12/14/2022 09:47:14 AM Assigned msg_id = 7176938604780639356 to GetHistoryRequest (7fed207736a0)
12/14/2022 09:47:14 AM Encrypting 1 message(s) in 72 bytes for sending
12/14/2022 09:47:14 AM Encrypted messages put in a queue to be sent
12/14/2022 09:47:14 AM Waiting for messages to send...
12/14/2022 09:47:14 AM Assigned msg_id = 7176938604782794660 to MsgsAck (7fed207725c0)
12/14/2022 09:47:14 AM Encrypting 1 message(s) in 36 bytes for sending
12/14/2022 09:47:14 AM Encrypted messages put in a queue to be sent
12/14/2022 09:47:14 AM Waiting for messages to send...
12/14/2022 09:47:15 AM Handling RPC result for message 7176938604780639356
12/14/2022 09:47:15 AM Receiving items from the network...
12/14/2022 09:47:15 AM Assigned msg_id = 7176938606096750564 to GetHistoryRequest (7fed20732f20)
12/14/2022 09:47:15 AM Encrypting 1 message(s) in 72 bytes for sending
12/14/2022 09:47:15 AM Encrypted messages put in a queue to be sent
12/14/2022 09:47:15 AM Waiting for messages to send...
12/14/2022 09:47:15 AM Assigned msg_id = 7176938606099074672 to MsgsAck (7fed2066fee0)
12/14/2022 09:47:15 AM Encrypting 1 message(s) in 36 bytes for sending
12/14/2022 09:47:15 AM Encrypted messages put in a queue to be sent
12/14/2022 09:47:15 AM Waiting for messages to send...
12/14/2022 09:47:15 AM Handling RPC result for message 7176938606096750564
12/14/2022 09:47:15 AM Receiving items from the network...
12/14/2022 09:47:15 AM Assigned msg_id = 7176938607339266128 to GetHistoryRequest (7fed208b11e0)
12/14/2022 09:47:15 AM Encrypting 1 message(s) in 72 bytes for sending
12/14/2022 09:47:15 AM Encrypted messages put in a queue to be sent
12/14/2022 09:47:15 AM Waiting for messages to send...
12/14/2022 09:47:15 AM Assigned msg_id = 7176938607341334648 to MsgsAck (7fed208b15a0)
12/14/2022 09:47:15 AM Encrypting 1 message(s) in 36 bytes for sending
12/14/2022 09:47:15 AM Encrypted messages put in a queue to be sent
12/14/2022 09:47:15 AM Waiting for messages to send...
12/14/2022 09:47:15 AM Handling RPC result for message 7176938607339266128
12/14/2022 09:47:15 AM Receiving items from the network...
12/14/2022 09:47:15 AM Assigned msg_id = 7176938608621088336 to GetHistoryRequest (7fed206e0820)
12/14/2022 09:47:15 AM Encrypting 1 message(s) in 72 bytes for sending
12/14/2022 09:47:15 AM Encrypted messages put in a queue to be sent
12/14/2022 09:47:15 AM Waiting for messages to send...
12/14/2022 09:47:15 AM Assigned msg_id = 7176938608623110124 to MsgsAck (7fed206e1510)
12/14/2022 09:47:15 AM Encrypting 1 message(s) in 36 bytes for sending
12/14/2022 09:47:15 AM Encrypted messages put in a queue to be sent
12/14/2022 09:47:15 AM Waiting for messages to send...
12/14/2022 09:47:16 AM Handling RPC result for message 7176938608621088336
12/14/2022 09:47:16 AM Receiving items from the network...
12/14/2022 09:47:16 AM Assigned msg_id = 7176938610564307164 to GetHistoryRequest (7fed21629150)
12/14/2022 09:47:16 AM Encrypting 1 message(s) in 72 bytes for sending
12/14/2022 09:47:16 AM Encrypted messages put in a queue to be sent
12/14/2022 09:47:16 AM Waiting for messages to send...
12/14/2022 09:47:16 AM Assigned msg_id = 7176938610566346120 to MsgsAck (7fed207abeb0)
12/14/2022 09:47:16 AM Encrypting 1 message(s) in 36 bytes for sending
12/14/2022 09:47:16 AM Encrypted messages put in a queue to be sent
12/14/2022 09:47:16 AM Waiting for messages to send...
12/14/2022 09:47:16 AM Handling RPC result for message 7176938610564307164
12/14/2022 09:47:16 AM Receiving items from the network...
12/14/2022 09:47:16 AM Assigned msg_id = 7176938612018191288 to GetHistoryRequest (7fed20709b40)
12/14/2022 09:47:16 AM Encrypting 1 message(s) in 72 bytes for sending
12/14/2022 09:47:16 AM Encrypted messages put in a queue to be sent
12/14/2022 09:47:16 AM Waiting for messages to send...
12/14/2022 09:47:16 AM Assigned msg_id = 7176938612021615932 to MsgsAck (7fed20709720)
12/14/2022 09:47:16 AM Encrypting 1 message(s) in 36 bytes for sending
12/14/2022 09:47:16 AM Encrypted messages put in a queue to be sent
12/14/2022 09:47:16 AM Waiting for messages to send...
12/14/2022 09:47:16 AM Handling RPC result for message 7176938612018191288
12/14/2022 09:47:16 AM Receiving items from the network...
12/14/2022 09:47:16 AM Assigned msg_id = 7176938613213850928 to GetHistoryRequest (7fed208c8340)
12/14/2022 09:47:16 AM Encrypting 1 message(s) in 72 bytes for sending
12/14/2022 09:47:16 AM Encrypted messages put in a queue to be sent
12/14/2022 09:47:16 AM Waiting for messages to send...
12/14/2022 09:47:16 AM Assigned msg_id = 7176938613215858412 to MsgsAck (7fed208ca6b0)
12/14/2022 09:47:16 AM Encrypting 1 message(s) in 36 bytes for sending
12/14/2022 09:47:16 AM Encrypted messages put in a queue to be sent
12/14/2022 09:47:16 AM Waiting for messages to send...
12/14/2022 09:47:16 AM Handling RPC result for message 7176938613213850928
12/14/2022 09:47:16 AM Receiving items from the network...
12/14/2022 09:47:16 AM Assigned msg_id = 7176938613491812656 to MsgsAck (7fed208cb940)
12/14/2022 09:47:16 AM Encrypting 1 message(s) in 36 bytes for sending
12/14/2022 09:47:16 AM Encrypted messages put in a queue to be sent
12/14/2022 09:47:16 AM Waiting for messages to send...
12/14/2022 09:47:16 AM Assigned msg_id = 7176938613493065784 to MsgsAck (7fed208c9de0)
12/14/2022 09:47:16 AM Encrypting 1 message(s) in 36 bytes for sending
12/14/2022 09:47:16 AM Sleeping for 15s (0:00:15) on GetHistoryRequest flood wait
12/14/2022 09:47:16 AM Encrypted messages put in a queue to be sent
12/14/2022 09:47:16 AM Waiting for messages to send...
12/14/2022 09:47:31 AM Assigned msg_id = 7176938677981315956 to GetHistoryRequest (7fed208c8340)
12/14/2022 09:47:31 AM Encrypting 1 message(s) in 72 bytes for sending
12/14/2022 09:47:31 AM Encrypted messages put in a queue to be sent
12/14/2022 09:47:31 AM Waiting for messages to send...
12/14/2022 09:47:32 AM Handling RPC result for message 7176938677981315956
12/14/2022 09:47:32 AM Receiving items from the network...
12/14/2022 09:47:32 AM Assigned msg_id = 7176938679649265276 to ResolveUsernameRequest (7fed2070d720)
12/14/2022 09:47:32 AM Encrypting 1 message(s) in 36 bytes for sending
12/14/2022 09:47:32 AM Encrypted messages put in a queue to be sent
12/14/2022 09:47:32 AM Waiting for messages to send...
12/14/2022 09:47:32 AM Assigned msg_id = 7176938679651477800 to MsgsAck (7fed2070f9a0)
12/14/2022 09:47:32 AM Encrypting 1 message(s) in 36 bytes for sending
12/14/2022 09:47:32 AM Encrypted messages put in a queue to be sent
12/14/2022 09:47:32 AM Waiting for messages to send...
12/14/2022 09:47:32 AM Handling RPC result for message 7176938679649265276
12/14/2022 09:47:32 AM Receiving items from the network...
12/14/2022 09:47:32 AM Assigned msg_id = 7176938679883263576 to GetHistoryRequest (7fed2070efe0)
12/14/2022 09:47:32 AM Encrypting 1 message(s) in 72 bytes for sending
12/14/2022 09:47:32 AM Encrypted messages put in a queue to be sent
12/14/2022 09:47:32 AM Waiting for messages to send...
12/14/2022 09:47:32 AM Assigned msg_id = 7176938679884873376 to MsgsAck (7fed2070c4f0)
12/14/2022 09:47:32 AM Encrypting 1 message(s) in 36 bytes for sending
12/14/2022 09:47:32 AM Encrypted messages put in a queue to be sent
12/14/2022 09:47:32 AM Waiting for messages to send...
12/14/2022 09:47:32 AM Handling RPC result for message 7176938679883263576
12/14/2022 09:47:32 AM Receiving items from the network...
12/14/2022 09:47:32 AM Assigned msg_id = 7176938680880990968 to GetHistoryRequest (7fed2070efe0)
12/14/2022 09:47:32 AM Encrypting 1 message(s) in 72 bytes for sending
12/14/2022 09:47:32 AM Encrypted messages put in a queue to be sent
12/14/2022 09:47:32 AM Waiting for messages to send...
12/14/2022 09:47:32 AM Assigned msg_id = 7176938680883034692 to MsgsAck (7fed2070fd60)
12/14/2022 09:47:32 AM Encrypting 1 message(s) in 36 bytes for sending
12/14/2022 09:47:32 AM Encrypted messages put in a queue to be sent
12/14/2022 09:47:32 AM Waiting for messages to send...
12/14/2022 09:47:32 AM Handling RPC result for message 7176938680880990968
12/14/2022 09:47:32 AM Receiving items from the network...
12/14/2022 09:47:32 AM Assigned msg_id = 7176938682393994320 to GetHistoryRequest (7fed207a9600)
12/14/2022 09:47:32 AM Encrypting 1 message(s) in 72 bytes for sending
12/14/2022 09:47:32 AM Encrypted messages put in a queue to be sent
12/14/2022 09:47:32 AM Waiting for messages to send...
12/14/2022 09:47:32 AM Assigned msg_id = 7176938682396582592 to MsgsAck (7fed207aa110)
12/14/2022 09:47:32 AM Encrypting 1 message(s) in 36 bytes for sending
12/14/2022 09:47:32 AM Encrypted messages put in a queue to be sent
12/14/2022 09:47:32 AM Waiting for messages to send...
12/14/2022 09:47:33 AM Handling RPC result for message 7176938682393994320
12/14/2022 09:47:33 AM Receiving items from the network...
12/14/2022 09:47:33 AM Assigned msg_id = 7176938683765871632 to GetHistoryRequest (7fed2069c2e0)
12/14/2022 09:47:33 AM Encrypting 1 message(s) in 72 bytes for sending
12/14/2022 09:47:33 AM Encrypted messages put in a queue to be sent
12/14/2022 09:47:33 AM Waiting for messages to send...
12/14/2022 09:47:33 AM Assigned msg_id = 7176938683768257728 to MsgsAck (7fed2069c0d0)
12/14/2022 09:47:33 AM Encrypting 1 message(s) in 36 bytes for sending
12/14/2022 09:47:33 AM Encrypted messages put in a queue to be sent
12/14/2022 09:47:33 AM Waiting for messages to send...
12/14/2022 09:47:33 AM Handling RPC result for message 7176938683765871632
12/14/2022 09:47:33 AM Receiving items from the network...
12/14/2022 09:47:33 AM Assigned msg_id = 7176938685186329472 to GetHistoryRequest (7fed206db6d0)
12/14/2022 09:47:33 AM Encrypting 1 message(s) in 72 bytes for sending
12/14/2022 09:47:33 AM Encrypted messages put in a queue to be sent
12/14/2022 09:47:33 AM Waiting for messages to send...
12/14/2022 09:47:33 AM Assigned msg_id = 7176938685188703168 to MsgsAck (7fed206d8790)
12/14/2022 09:47:33 AM Encrypting 1 message(s) in 36 bytes for sending
12/14/2022 09:47:33 AM Encrypted messages put in a queue to be sent
12/14/2022 09:47:33 AM Waiting for messages to send...
12/14/2022 09:47:33 AM Handling RPC result for message 7176938685186329472
12/14/2022 09:47:33 AM Receiving items from the network...
12/14/2022 09:47:33 AM Assigned msg_id = 7176938686410165420 to GetHistoryRequest (7fed205f1990)
12/14/2022 09:47:33 AM Encrypting 1 message(s) in 72 bytes for sending
12/14/2022 09:47:33 AM Encrypted messages put in a queue to be sent
12/14/2022 09:47:33 AM Waiting for messages to send...
12/14/2022 09:47:33 AM Assigned msg_id = 7176938686412344564 to MsgsAck (7fed205f19c0)
12/14/2022 09:47:33 AM Encrypting 1 message(s) in 36 bytes for sending
12/14/2022 09:47:33 AM Encrypted messages put in a queue to be sent
12/14/2022 09:47:33 AM Waiting for messages to send...
12/14/2022 09:47:34 AM Handling RPC result for message 7176938686410165420
12/14/2022 09:47:34 AM Receiving items from the network...
12/14/2022 09:47:34 AM Assigned msg_id = 7176938688041365852 to GetHistoryRequest (7fed20636200)
12/14/2022 09:47:34 AM Encrypting 1 message(s) in 72 bytes for sending
12/14/2022 09:47:34 AM Encrypted messages put in a queue to be sent
12/14/2022 09:47:34 AM Waiting for messages to send...
12/14/2022 09:47:34 AM Assigned msg_id = 7176938688043956032 to MsgsAck (7fed20637e50)
12/14/2022 09:47:34 AM Encrypting 1 message(s) in 36 bytes for sending
12/14/2022 09:47:34 AM Encrypted messages put in a queue to be sent
12/14/2022 09:47:34 AM Waiting for messages to send...
12/14/2022 09:47:34 AM Handling RPC result for message 7176938688041365852
12/14/2022 09:47:34 AM Receiving items from the network...
12/14/2022 09:47:34 AM Assigned msg_id = 7176938689507822268 to GetHistoryRequest (7fed20674e50)
12/14/2022 09:47:34 AM Encrypting 1 message(s) in 72 bytes for sending
12/14/2022 09:47:34 AM Encrypted messages put in a queue to be sent
12/14/2022 09:47:34 AM Waiting for messages to send...
12/14/2022 09:47:34 AM Assigned msg_id = 7176938689509987108 to MsgsAck (7fed20675090)
12/14/2022 09:47:34 AM Encrypting 1 message(s) in 36 bytes for sending
12/14/2022 09:47:34 AM Encrypted messages put in a queue to be sent
12/14/2022 09:47:34 AM Waiting for messages to send...
12/14/2022 09:47:34 AM Handling RPC result for message 7176938689507822268
12/14/2022 09:47:34 AM Receiving items from the network...
12/14/2022 09:47:34 AM Assigned msg_id = 7176938690762875788 to GetHistoryRequest (7fed205ed600)
12/14/2022 09:47:34 AM Encrypting 1 message(s) in 72 bytes for sending
12/14/2022 09:47:34 AM Encrypted messages put in a queue to be sent
12/14/2022 09:47:34 AM Waiting for messages to send...
12/14/2022 09:47:34 AM Assigned msg_id = 7176938690765615692 to MsgsAck (7fed205eec50)
12/14/2022 09:47:34 AM Encrypting 1 message(s) in 36 bytes for sending
12/14/2022 09:47:34 AM Encrypted messages put in a queue to be sent
12/14/2022 09:47:34 AM Waiting for messages to send...
12/14/2022 09:47:35 AM Handling RPC result for message 7176938690762875788
12/14/2022 09:47:35 AM Receiving items from the network...
12/14/2022 09:47:35 AM Assigned msg_id = 7176938692488475676 to GetHistoryRequest (7fed205d9360)
12/14/2022 09:47:35 AM Encrypting 1 message(s) in 72 bytes for sending
12/14/2022 09:47:35 AM Encrypted messages put in a queue to be sent
12/14/2022 09:47:35 AM Waiting for messages to send...
12/14/2022 09:47:35 AM Assigned msg_id = 7176938692490815036 to MsgsAck (7fed205d87c0)
12/14/2022 09:47:35 AM Encrypting 1 message(s) in 36 bytes for sending
12/14/2022 09:47:35 AM Encrypted messages put in a queue to be sent
12/14/2022 09:47:35 AM Waiting for messages to send...
12/14/2022 09:47:35 AM Handling RPC result for message 7176938692488475676
12/14/2022 09:47:35 AM Receiving items from the network...
12/14/2022 09:47:35 AM Assigned msg_id = 7176938693566829556 to GetHistoryRequest (7fed206c0bb0)
12/14/2022 09:47:35 AM Encrypting 1 message(s) in 72 bytes for sending
12/14/2022 09:47:35 AM Encrypted messages put in a queue to be sent
12/14/2022 09:47:35 AM Waiting for messages to send...
12/14/2022 09:47:35 AM Assigned msg_id = 7176938693569532268 to MsgsAck (7fed206c15a0)
12/14/2022 09:47:35 AM Encrypting 1 message(s) in 36 bytes for sending
12/14/2022 09:47:35 AM Encrypted messages put in a queue to be sent
12/14/2022 09:47:35 AM Waiting for messages to send...
12/14/2022 09:47:35 AM Handling RPC result for message 7176938693566829556
12/14/2022 09:47:35 AM Receiving items from the network...
12/14/2022 09:47:35 AM Disconnecting from 149.154.167.51:443/TcpFull...
12/14/2022 09:47:35 AM Closing current connection...
12/14/2022 09:47:35 AM Cancelling 0 pending message(s)...
12/14/2022 09:47:35 AM Disconnection from 149.154.167.51:443/TcpFull complete!
